<?xml version="1.0" encoding="UTF-8"?>
<!-- Generated by org.testng.reporters.JUnitReportReporter -->
<testsuite skipped="21" hostname="IN01LAP00077" name="com.eurofins.testcases.MainNavSubNavLinkImageTest" tests="22" failures="0" timestamp="20 Oct 2020 06:34:23 GMT" time="77.766" errors="1">
  <testcase name="loadWebBrowser" time="77.766" classname="com.eurofins.testcases.MainNavSubNavLinkImageTest">
    <error type="org.openqa.selenium.NoSuchElementException" message="no such element: Unable to locate element: {&quot;method&quot;:&quot;css selector&quot;,&quot;selector&quot;:&quot;.call&quot;}
  (Session info: chrome=85.0.4183.83)
For documentation on this error, please visit: http://seleniumhq.org/exceptions/no_such_element.html
Build info: version: &#039;3.141.5&#039;, revision: &#039;d54ebd709a&#039;, time: &#039;2018-11-06T11:42:16&#039;
System info: host: &#039;IN01LAP00077&#039;, ip: &#039;10.128.57.14&#039;, os.name: &#039;Windows 10&#039;, os.arch: &#039;amd64&#039;, os.version: &#039;10.0&#039;, java.version: &#039;1.8.0_221&#039;
Driver info: org.openqa.selenium.chrome.ChromeDriver
Capabilities {acceptInsecureCerts: false, browserName: chrome, browserVersion: 85.0.4183.83, chrome: {chromedriverVersion: 85.0.4183.87 (cd6713ebf92fa..., userDataDir: C:\Users\UJ56\AppData\Local...}, goog:chromeOptions: {debuggerAddress: localhost:1084}, javascriptEnabled: true, networkConnectionEnabled: false, pageLoadStrategy: normal, platform: WINDOWS, platformName: WINDOWS, proxy: Proxy(), setWindowRect: true, strictFileInteractability: false, timeouts: {implicit: 0, pageLoad: 300000, script: 30000}, unhandledPromptBehavior: dismiss and notify, webauthn:virtualAuthenticators: true}
Session ID: ca0bbd9c4db47317e3b16e0d2658bcae
*** Element info: {Using=class name, value=call}">
      <![CDATA[org.openqa.selenium.NoSuchElementException: no such element: Unable to locate element: {"method":"css selector","selector":".call"}
  (Session info: chrome=85.0.4183.83)
For documentation on this error, please visit: http://seleniumhq.org/exceptions/no_such_element.html
Build info: version: '3.141.5', revision: 'd54ebd709a', time: '2018-11-06T11:42:16'
System info: host: 'IN01LAP00077', ip: '10.128.57.14', os.name: 'Windows 10', os.arch: 'amd64', os.version: '10.0', java.version: '1.8.0_221'
Driver info: org.openqa.selenium.chrome.ChromeDriver
Capabilities {acceptInsecureCerts: false, browserName: chrome, browserVersion: 85.0.4183.83, chrome: {chromedriverVersion: 85.0.4183.87 (cd6713ebf92fa..., userDataDir: C:\Users\UJ56\AppData\Local...}, goog:chromeOptions: {debuggerAddress: localhost:1084}, javascriptEnabled: true, networkConnectionEnabled: false, pageLoadStrategy: normal, platform: WINDOWS, platformName: WINDOWS, proxy: Proxy(), setWindowRect: true, strictFileInteractability: false, timeouts: {implicit: 0, pageLoad: 300000, script: 30000}, unhandledPromptBehavior: dismiss and notify, webauthn:virtualAuthenticators: true}
Session ID: ca0bbd9c4db47317e3b16e0d2658bcae
*** Element info: {Using=class name, value=call}
at sun.reflect.NativeConstructorAccessorImpl.newInstance0(Native Method)
at sun.reflect.NativeConstructorAccessorImpl.newInstance(Unknown Source)
at sun.reflect.DelegatingConstructorAccessorImpl.newInstance(Unknown Source)
at java.lang.reflect.Constructor.newInstance(Unknown Source)
at org.openqa.selenium.remote.http.W3CHttpResponseCodec.createException(W3CHttpResponseCodec.java:187)
at org.openqa.selenium.remote.http.W3CHttpResponseCodec.decode(W3CHttpResponseCodec.java:122)
at org.openqa.selenium.remote.http.W3CHttpResponseCodec.decode(W3CHttpResponseCodec.java:49)
at org.openqa.selenium.remote.HttpCommandExecutor.execute(HttpCommandExecutor.java:158)
at org.openqa.selenium.remote.service.DriverCommandExecutor.execute(DriverCommandExecutor.java:83)
at org.openqa.selenium.remote.RemoteWebDriver.execute(RemoteWebDriver.java:552)
at org.openqa.selenium.remote.RemoteWebDriver.findElement(RemoteWebDriver.java:323)
at org.openqa.selenium.remote.RemoteWebDriver.findElementByClassName(RemoteWebDriver.java:412)
at org.openqa.selenium.By$ByClassName.findElement(By.java:389)
at org.openqa.selenium.remote.RemoteWebDriver.findElement(RemoteWebDriver.java:315)
at sun.reflect.NativeMethodAccessorImpl.invoke0(Native Method)
at sun.reflect.NativeMethodAccessorImpl.invoke(Unknown Source)
at sun.reflect.DelegatingMethodAccessorImpl.invoke(Unknown Source)
at java.lang.reflect.Method.invoke(Unknown Source)
at org.openqa.selenium.support.events.EventFiringWebDriver.lambda$new$1(EventFiringWebDriver.java:105)
at com.sun.proxy.$Proxy9.findElement(Unknown Source)
at org.openqa.selenium.support.events.EventFiringWebDriver.findElement(EventFiringWebDriver.java:194)
at org.openqa.selenium.support.pagefactory.DefaultElementLocator.findElement(DefaultElementLocator.java:69)
at org.openqa.selenium.support.pagefactory.internal.LocatingElementHandler.invoke(LocatingElementHandler.java:38)
at com.sun.proxy.$Proxy13.click(Unknown Source)
at com.eurofins.pages.HomePage.validateGDPRAgreeAndProceedbtn(HomePage.java:395)
at com.eurofins.base.TestBase.getGDPRCheck(TestBase.java:129)
at com.eurofins.testcases.MainNavSubNavLinkImageTest.loadWebBrowser(MainNavSubNavLinkImageTest.java:107)
at sun.reflect.NativeMethodAccessorImpl.invoke0(Native Method)
at sun.reflect.NativeMethodAccessorImpl.invoke(Unknown Source)
at sun.reflect.DelegatingMethodAccessorImpl.invoke(Unknown Source)
at java.lang.reflect.Method.invoke(Unknown Source)
at org.testng.internal.MethodInvocationHelper.invokeMethod(MethodInvocationHelper.java:124)
at org.testng.internal.MethodInvocationHelper.invokeMethodConsideringTimeout(MethodInvocationHelper.java:59)
at org.testng.internal.Invoker.invokeConfigurationMethod(Invoker.java:458)
at org.testng.internal.Invoker.invokeConfigurations(Invoker.java:222)
at org.testng.internal.Invoker.invokeConfigurations(Invoker.java:142)
at org.testng.TestRunner.beforeRun(TestRunner.java:529)
at org.testng.TestRunner.run(TestRunner.java:497)
at org.testng.SuiteRunner.runTest(SuiteRunner.java:455)
at org.testng.SuiteRunner.runSequentially(SuiteRunner.java:450)
at org.testng.SuiteRunner.privateRun(SuiteRunner.java:415)
at org.testng.SuiteRunner.run(SuiteRunner.java:364)
at org.testng.SuiteRunnerWorker.runSuite(SuiteRunnerWorker.java:52)
at org.testng.SuiteRunnerWorker.run(SuiteRunnerWorker.java:84)
at org.testng.TestNG.runSuitesSequentially(TestNG.java:1208)
at org.testng.TestNG.runSuitesLocally(TestNG.java:1137)
at org.testng.TestNG.runSuites(TestNG.java:1049)
at org.testng.TestNG.run(TestNG.java:1017)
at org.testng.remote.AbstractRemoteTestNG.run(AbstractRemoteTestNG.java:114)
at org.testng.remote.RemoteTestNG.initAndRun(RemoteTestNG.java:251)
at org.testng.remote.RemoteTestNG.main(RemoteTestNG.java:77)
]]>
    </error>
  </testcase> <!-- loadWebBrowser -->
  <testcase name="mainNav1SubNav1LinkDetailTest" time="0.000" classname="com.eurofins.testcases.MainNavSubNavLinkImageTest">
    <skipped/>
  </testcase> <!-- mainNav1SubNav1LinkDetailTest -->
  <testcase name="mainNav1SubNav2LinkDetailTest" time="0.000" classname="com.eurofins.testcases.MainNavSubNavLinkImageTest">
    <skipped/>
  </testcase> <!-- mainNav1SubNav2LinkDetailTest -->
  <testcase name="mainNav1SubNav3LinkDetailTest" time="0.000" classname="com.eurofins.testcases.MainNavSubNavLinkImageTest">
    <skipped/>
  </testcase> <!-- mainNav1SubNav3LinkDetailTest -->
  <testcase name="mainNav1SubNav4LinkDetailTest" time="0.000" classname="com.eurofins.testcases.MainNavSubNavLinkImageTest">
    <skipped/>
  </testcase> <!-- mainNav1SubNav4LinkDetailTest -->
  <testcase name="mainNav1SubNav5LinkDetailTest" time="0.000" classname="com.eurofins.testcases.MainNavSubNavLinkImageTest">
    <skipped/>
  </testcase> <!-- mainNav1SubNav5LinkDetailTest -->
  <testcase name="mainNav1SubNav6LinkDetailTest" time="0.000" classname="com.eurofins.testcases.MainNavSubNavLinkImageTest">
    <skipped/>
  </testcase> <!-- mainNav1SubNav6LinkDetailTest -->
  <testcase name="mainNav1SubNav7LinkDetailTest" time="0.000" classname="com.eurofins.testcases.MainNavSubNavLinkImageTest">
    <skipped/>
  </testcase> <!-- mainNav1SubNav7LinkDetailTest -->
  <testcase name="mainNav1SubNav8LinkDetailTest" time="0.000" classname="com.eurofins.testcases.MainNavSubNavLinkImageTest">
    <skipped/>
  </testcase> <!-- mainNav1SubNav8LinkDetailTest -->
  <testcase name="mainNav1SubNav9LinkDetailTest" time="0.000" classname="com.eurofins.testcases.MainNavSubNavLinkImageTest">
    <skipped/>
  </testcase> <!-- mainNav1SubNav9LinkDetailTest -->
  <testcase name="mainNav1SubNav10LinkDetailTest" time="0.000" classname="com.eurofins.testcases.MainNavSubNavLinkImageTest">
    <skipped/>
  </testcase> <!-- mainNav1SubNav10LinkDetailTest -->
  <testcase name="mainNav1SubNav11LinkDetailTest" time="0.000" classname="com.eurofins.testcases.MainNavSubNavLinkImageTest">
    <skipped/>
  </testcase> <!-- mainNav1SubNav11LinkDetailTest -->
  <testcase name="mainNav1SubNav12LinkDetailTest" time="0.000" classname="com.eurofins.testcases.MainNavSubNavLinkImageTest">
    <skipped/>
  </testcase> <!-- mainNav1SubNav12LinkDetailTest -->
  <testcase name="mainNav1SubNav13LinkDetailTest" time="0.000" classname="com.eurofins.testcases.MainNavSubNavLinkImageTest">
    <skipped/>
  </testcase> <!-- mainNav1SubNav13LinkDetailTest -->
  <testcase name="mainNav1SubNav14LinkDetailTest" time="0.000" classname="com.eurofins.testcases.MainNavSubNavLinkImageTest">
    <skipped/>
  </testcase> <!-- mainNav1SubNav14LinkDetailTest -->
  <testcase name="mainNav1SubNav15LinkDetailTest" time="0.000" classname="com.eurofins.testcases.MainNavSubNavLinkImageTest">
    <skipped/>
  </testcase> <!-- mainNav1SubNav15LinkDetailTest -->
  <testcase name="mainNav1SubNav16LinkDetailTest" time="0.000" classname="com.eurofins.testcases.MainNavSubNavLinkImageTest">
    <skipped/>
  </testcase> <!-- mainNav1SubNav16LinkDetailTest -->
  <testcase name="mainNav1SubNav17LinkDetailTest" time="0.000" classname="com.eurofins.testcases.MainNavSubNavLinkImageTest">
    <skipped/>
  </testcase> <!-- mainNav1SubNav17LinkDetailTest -->
  <testcase name="mainNav1SubNav18LinkDetailTest" time="0.000" classname="com.eurofins.testcases.MainNavSubNavLinkImageTest">
    <skipped/>
  </testcase> <!-- mainNav1SubNav18LinkDetailTest -->
  <testcase name="mainNav1SubNav19LinkDetailTest" time="0.000" classname="com.eurofins.testcases.MainNavSubNavLinkImageTest">
    <skipped/>
  </testcase> <!-- mainNav1SubNav19LinkDetailTest -->
  <testcase name="mainNav2SubNav1LinkDetailTest" time="0.000" classname="com.eurofins.testcases.MainNavSubNavLinkImageTest">
    <skipped/>
  </testcase> <!-- mainNav2SubNav1LinkDetailTest -->
  <testcase name="mainNav2SubNav2LinkDetailTest" time="0.000" classname="com.eurofins.testcases.MainNavSubNavLinkImageTest">
    <skipped/>
  </testcase> <!-- mainNav2SubNav2LinkDetailTest -->
</testsuite> <!-- com.eurofins.testcases.MainNavSubNavLinkImageTest -->
