<?xml version="1.0" encoding="UTF-8"?>
<!-- Generated by org.testng.reporters.JUnitReportReporter -->
<testsuite skipped="24" hostname="IN01LAP00077" name="com.eurofins.testcases.OrangeNavigationClickPageTest" tests="25" failures="0" timestamp="15 Oct 2020 05:36:14 GMT" time="69.065" errors="1">
  <testcase name="loadWebBrowser" time="69.065" classname="com.eurofins.testcases.OrangeNavigationClickPageTest">
    <error type="org.openqa.selenium.TimeoutException" message="timeout: Timed out receiving message from renderer: -0.000
  (Session info: chrome=85.0.4183.83)
Build info: version: &#039;3.141.5&#039;, revision: &#039;d54ebd709a&#039;, time: &#039;2018-11-06T11:42:16&#039;
System info: host: &#039;IN01LAP00077&#039;, ip: &#039;10.128.56.253&#039;, os.name: &#039;Windows 10&#039;, os.arch: &#039;amd64&#039;, os.version: &#039;10.0&#039;, java.version: &#039;1.8.0_221&#039;
Driver info: org.openqa.selenium.chrome.ChromeDriver
Capabilities {acceptInsecureCerts: false, browserName: chrome, browserVersion: 85.0.4183.83, chrome: {chromedriverVersion: 85.0.4183.87 (cd6713ebf92fa..., userDataDir: C:\Users\UJ56\AppData\Local...}, goog:chromeOptions: {debuggerAddress: localhost:8022}, javascriptEnabled: true, networkConnectionEnabled: false, pageLoadStrategy: normal, platform: WINDOWS, platformName: WINDOWS, proxy: Proxy(), setWindowRect: true, strictFileInteractability: false, timeouts: {implicit: 0, pageLoad: 300000, script: 30000}, unhandledPromptBehavior: dismiss and notify, webauthn:virtualAuthenticators: true}
Session ID: 48c17e5f8be3b1d87fc7535f5f251f47">
      <![CDATA[org.openqa.selenium.TimeoutException: timeout: Timed out receiving message from renderer: -0.000
  (Session info: chrome=85.0.4183.83)
Build info: version: '3.141.5', revision: 'd54ebd709a', time: '2018-11-06T11:42:16'
System info: host: 'IN01LAP00077', ip: '10.128.56.253', os.name: 'Windows 10', os.arch: 'amd64', os.version: '10.0', java.version: '1.8.0_221'
Driver info: org.openqa.selenium.chrome.ChromeDriver
Capabilities {acceptInsecureCerts: false, browserName: chrome, browserVersion: 85.0.4183.83, chrome: {chromedriverVersion: 85.0.4183.87 (cd6713ebf92fa..., userDataDir: C:\Users\UJ56\AppData\Local...}, goog:chromeOptions: {debuggerAddress: localhost:8022}, javascriptEnabled: true, networkConnectionEnabled: false, pageLoadStrategy: normal, platform: WINDOWS, platformName: WINDOWS, proxy: Proxy(), setWindowRect: true, strictFileInteractability: false, timeouts: {implicit: 0, pageLoad: 300000, script: 30000}, unhandledPromptBehavior: dismiss and notify, webauthn:virtualAuthenticators: true}
Session ID: 48c17e5f8be3b1d87fc7535f5f251f47
at sun.reflect.NativeConstructorAccessorImpl.newInstance0(Native Method)
at sun.reflect.NativeConstructorAccessorImpl.newInstance(Unknown Source)
at sun.reflect.DelegatingConstructorAccessorImpl.newInstance(Unknown Source)
at java.lang.reflect.Constructor.newInstance(Unknown Source)
at org.openqa.selenium.remote.http.W3CHttpResponseCodec.createException(W3CHttpResponseCodec.java:187)
at org.openqa.selenium.remote.http.W3CHttpResponseCodec.decode(W3CHttpResponseCodec.java:122)
at org.openqa.selenium.remote.http.W3CHttpResponseCodec.decode(W3CHttpResponseCodec.java:49)
at org.openqa.selenium.remote.HttpCommandExecutor.execute(HttpCommandExecutor.java:158)
at org.openqa.selenium.remote.service.DriverCommandExecutor.execute(DriverCommandExecutor.java:83)
at org.openqa.selenium.remote.RemoteWebDriver.execute(RemoteWebDriver.java:552)
at org.openqa.selenium.remote.RemoteWebDriver.get(RemoteWebDriver.java:277)
at sun.reflect.NativeMethodAccessorImpl.invoke0(Native Method)
at sun.reflect.NativeMethodAccessorImpl.invoke(Unknown Source)
at sun.reflect.DelegatingMethodAccessorImpl.invoke(Unknown Source)
at java.lang.reflect.Method.invoke(Unknown Source)
at org.openqa.selenium.support.events.EventFiringWebDriver.lambda$new$1(EventFiringWebDriver.java:105)
at com.sun.proxy.$Proxy9.get(Unknown Source)
at org.openqa.selenium.support.events.EventFiringWebDriver.get(EventFiringWebDriver.java:165)
at com.eurofins.base.TestBase.initialization(TestBase.java:122)
at com.eurofins.testcases.OrangeNavigationClickPageTest.loadWebBrowser(OrangeNavigationClickPageTest.java:46)
at sun.reflect.NativeMethodAccessorImpl.invoke0(Native Method)
at sun.reflect.NativeMethodAccessorImpl.invoke(Unknown Source)
at sun.reflect.DelegatingMethodAccessorImpl.invoke(Unknown Source)
at java.lang.reflect.Method.invoke(Unknown Source)
at org.testng.internal.MethodInvocationHelper.invokeMethod(MethodInvocationHelper.java:124)
at org.testng.internal.MethodInvocationHelper.invokeMethodConsideringTimeout(MethodInvocationHelper.java:59)
at org.testng.internal.Invoker.invokeConfigurationMethod(Invoker.java:458)
at org.testng.internal.Invoker.invokeConfigurations(Invoker.java:222)
at org.testng.internal.Invoker.invokeConfigurations(Invoker.java:142)
at org.testng.TestRunner.beforeRun(TestRunner.java:529)
at org.testng.TestRunner.run(TestRunner.java:497)
at org.testng.SuiteRunner.runTest(SuiteRunner.java:455)
at org.testng.SuiteRunner.runSequentially(SuiteRunner.java:450)
at org.testng.SuiteRunner.privateRun(SuiteRunner.java:415)
at org.testng.SuiteRunner.run(SuiteRunner.java:364)
at org.testng.SuiteRunnerWorker.runSuite(SuiteRunnerWorker.java:52)
at org.testng.SuiteRunnerWorker.run(SuiteRunnerWorker.java:84)
at org.testng.TestNG.runSuitesSequentially(TestNG.java:1208)
at org.testng.TestNG.runSuitesLocally(TestNG.java:1137)
at org.testng.TestNG.runSuites(TestNG.java:1049)
at org.testng.TestNG.run(TestNG.java:1017)
at org.testng.remote.AbstractRemoteTestNG.run(AbstractRemoteTestNG.java:114)
at org.testng.remote.RemoteTestNG.initAndRun(RemoteTestNG.java:251)
at org.testng.remote.RemoteTestNG.main(RemoteTestNG.java:77)
]]>
    </error>
  </testcase> <!-- loadWebBrowser -->
  <testcase name="orangeNav1HyperlinkTest" time="0.000" classname="com.eurofins.testcases.OrangeNavigationClickPageTest">
    <skipped/>
  </testcase> <!-- orangeNav1HyperlinkTest -->
  <testcase name="orangeNav2HyperlinkTest" time="0.000" classname="com.eurofins.testcases.OrangeNavigationClickPageTest">
    <skipped/>
  </testcase> <!-- orangeNav2HyperlinkTest -->
  <testcase name="orangeNav3HyperlinkTest" time="0.000" classname="com.eurofins.testcases.OrangeNavigationClickPageTest">
    <skipped/>
  </testcase> <!-- orangeNav3HyperlinkTest -->
  <testcase name="orangeNav4HyperlinkTest" time="0.000" classname="com.eurofins.testcases.OrangeNavigationClickPageTest">
    <skipped/>
  </testcase> <!-- orangeNav4HyperlinkTest -->
  <testcase name="orangeNav5HyperlinkTest" time="0.000" classname="com.eurofins.testcases.OrangeNavigationClickPageTest">
    <skipped/>
  </testcase> <!-- orangeNav5HyperlinkTest -->
  <testcase name="orangeNav6HyperlinkTest" time="0.000" classname="com.eurofins.testcases.OrangeNavigationClickPageTest">
    <skipped/>
  </testcase> <!-- orangeNav6HyperlinkTest -->
  <testcase name="orangeNav7HyperlinkTest" time="0.000" classname="com.eurofins.testcases.OrangeNavigationClickPageTest">
    <skipped/>
  </testcase> <!-- orangeNav7HyperlinkTest -->
  <testcase name="orangeNav8HyperlinkTest" time="0.000" classname="com.eurofins.testcases.OrangeNavigationClickPageTest">
    <skipped/>
  </testcase> <!-- orangeNav8HyperlinkTest -->
  <testcase name="orangeNav9HyperlinkTest" time="0.000" classname="com.eurofins.testcases.OrangeNavigationClickPageTest">
    <skipped/>
  </testcase> <!-- orangeNav9HyperlinkTest -->
  <testcase name="orangeNav10HyperlinkTest" time="0.000" classname="com.eurofins.testcases.OrangeNavigationClickPageTest">
    <skipped/>
  </testcase> <!-- orangeNav10HyperlinkTest -->
  <testcase name="orangeNav11HyperlinkTest" time="0.000" classname="com.eurofins.testcases.OrangeNavigationClickPageTest">
    <skipped/>
  </testcase> <!-- orangeNav11HyperlinkTest -->
  <testcase name="orangeNav12HyperlinkTest" time="0.000" classname="com.eurofins.testcases.OrangeNavigationClickPageTest">
    <skipped/>
  </testcase> <!-- orangeNav12HyperlinkTest -->
  <testcase name="orangeNav1imageTest" time="0.000" classname="com.eurofins.testcases.OrangeNavigationClickPageTest">
    <skipped/>
  </testcase> <!-- orangeNav1imageTest -->
  <testcase name="orangeNav2imageTest" time="0.000" classname="com.eurofins.testcases.OrangeNavigationClickPageTest">
    <skipped/>
  </testcase> <!-- orangeNav2imageTest -->
  <testcase name="orangeNav3imageTest" time="0.000" classname="com.eurofins.testcases.OrangeNavigationClickPageTest">
    <skipped/>
  </testcase> <!-- orangeNav3imageTest -->
  <testcase name="orangeNav4imageTest" time="0.000" classname="com.eurofins.testcases.OrangeNavigationClickPageTest">
    <skipped/>
  </testcase> <!-- orangeNav4imageTest -->
  <testcase name="orangeNav5imageTest" time="0.000" classname="com.eurofins.testcases.OrangeNavigationClickPageTest">
    <skipped/>
  </testcase> <!-- orangeNav5imageTest -->
  <testcase name="orangeNav6imageTest" time="0.000" classname="com.eurofins.testcases.OrangeNavigationClickPageTest">
    <skipped/>
  </testcase> <!-- orangeNav6imageTest -->
  <testcase name="orangeNav7imageTest" time="0.000" classname="com.eurofins.testcases.OrangeNavigationClickPageTest">
    <skipped/>
  </testcase> <!-- orangeNav7imageTest -->
  <testcase name="orangeNav8imageTest" time="0.000" classname="com.eurofins.testcases.OrangeNavigationClickPageTest">
    <skipped/>
  </testcase> <!-- orangeNav8imageTest -->
  <testcase name="orangeNav9imageTest" time="0.000" classname="com.eurofins.testcases.OrangeNavigationClickPageTest">
    <skipped/>
  </testcase> <!-- orangeNav9imageTest -->
  <testcase name="orangeNav10imageTest" time="0.000" classname="com.eurofins.testcases.OrangeNavigationClickPageTest">
    <skipped/>
  </testcase> <!-- orangeNav10imageTest -->
  <testcase name="orangeNav11imageTest" time="0.000" classname="com.eurofins.testcases.OrangeNavigationClickPageTest">
    <skipped/>
  </testcase> <!-- orangeNav11imageTest -->
  <testcase name="orangeNav12imageTest" time="0.000" classname="com.eurofins.testcases.OrangeNavigationClickPageTest">
    <skipped/>
  </testcase> <!-- orangeNav12imageTest -->
</testsuite> <!-- com.eurofins.testcases.OrangeNavigationClickPageTest -->
